[2020-02-11 13:09:21.767] [exthost] [info] extension host started
[2020-02-11 13:09:21.833] [exthost] [info] ExtensionService#_doActivateExtension vscode.debug-auto-launch {"startup":true,"extensionId":{"value":"vscode.debug-auto-launch","_lower":"vscode.debug-auto-launch"},"activationEvent":"*"}
[2020-02-11 13:09:21.833] [exthost] [info] ExtensionService#loadCommonJSModule file:///usr/share/code/resources/app/extensions/debug-auto-launch/dist/extension
[2020-02-11 13:09:21.841] [exthost] [info] ExtensionService#_doActivateExtension vscode.emmet {"startup":true,"extensionId":{"value":"vscode.emmet","_lower":"vscode.emmet"},"activationEvent":"*"}
[2020-02-11 13:09:21.841] [exthost] [info] ExtensionService#loadCommonJSModule file:///usr/share/code/resources/app/extensions/emmet/dist/extension
[2020-02-11 13:09:21.987] [exthost] [info] ExtensionService#_doActivateExtension vscode.git {"startup":true,"extensionId":{"value":"vscode.git","_lower":"vscode.git"},"activationEvent":"*"}
[2020-02-11 13:09:21.987] [exthost] [info] ExtensionService#loadCommonJSModule file:///usr/share/code/resources/app/extensions/git/dist/main
[2020-02-11 13:09:22.477] [exthost] [info] ExtensionService#_doActivateExtension vscode.merge-conflict {"startup":true,"extensionId":{"value":"vscode.merge-conflict","_lower":"vscode.merge-conflict"},"activationEvent":"*"}
[2020-02-11 13:09:22.478] [exthost] [info] ExtensionService#loadCommonJSModule file:///usr/share/code/resources/app/extensions/merge-conflict/dist/extension
[2020-02-11 13:09:23.413] [exthost] [info] ExtensionService#_doActivateExtension vscode.search-result {"startup":true,"extensionId":{"value":"vscode.search-result","_lower":"vscode.search-result"},"activationEvent":"*"}
[2020-02-11 13:09:23.413] [exthost] [info] ExtensionService#loadCommonJSModule file:///usr/share/code/resources/app/extensions/search-result/dist/extension.js
[2020-02-11 13:09:23.497] [exthost] [info] ExtensionService#_doActivateExtension ritwickdey.LiveServer {"startup":true,"extensionId":{"value":"ritwickdey.LiveServer","_lower":"ritwickdey.liveserver"},"activationEvent":"*"}
[2020-02-11 13:09:23.497] [exthost] [info] ExtensionService#loadCommonJSModule file:///home/victor/.vscode/extensions/ritwickdey.liveserver-5.6.1/out/src/extension
[2020-02-11 13:09:25.627] [exthost] [info] eager extensions activated
[2020-02-11 13:10:16.462] [exthost] [error] {"message":"Git error","stdout":"","stderr":"fatal: Pathspec '/home/victor/Documents/Week2MPFT26/Mon/yolomy/bootstrap-practice-projects/Assignment_1' is in submodule 'bootstrap-practice-projects'\n","exitCode":128,"gitErrorCode":"IsInSubmodule"}
[2020-02-11 13:10:16.462] [exthost] [error] {"message":"Git error","stdout":"","stderr":"fatal: Pathspec '/home/victor/Documents/Week2MPFT26/Mon/yolomy/bootstrap-practice-projects/Assignment_1' is in submodule 'bootstrap-practice-projects'\n","exitCode":128,"gitErrorCode":"IsInSubmodule"}
[2020-02-11 13:10:16.462] [exthost] [error] {"message":"Git error","stdout":"","stderr":"fatal: Pathspec '/home/victor/Documents/Week2MPFT26/Mon/yolomy/bootstrap-practice-projects/Assignment_1' is in submodule 'bootstrap-practice-projects'\n","exitCode":128,"gitErrorCode":"IsInSubmodule"}
[2020-02-11 13:10:20.722] [exthost] [error] {"message":"Git error","stdout":"","stderr":"fatal: Pathspec '/home/victor/Documents/Week2MPFT26/Mon/yolomy/bootstrap-practice-projects/Assignment_1/assets' is in submodule 'bootstrap-practice-projects'\n","exitCode":128,"gitErrorCode":"IsInSubmodule"}
[2020-02-11 13:10:20.722] [exthost] [error] {"message":"Git error","stdout":"","stderr":"fatal: Pathspec '/home/victor/Documents/Week2MPFT26/Mon/yolomy/bootstrap-practice-projects/Assignment_1/assets' is in submodule 'bootstrap-practice-projects'\n","exitCode":128,"gitErrorCode":"IsInSubmodule"}
[2020-02-11 13:10:20.722] [exthost] [error] {"message":"Git error","stdout":"","stderr":"fatal: Pathspec '/home/victor/Documents/Week2MPFT26/Mon/yolomy/bootstrap-practice-projects/Assignment_1/assets' is in submodule 'bootstrap-practice-projects'\n","exitCode":128,"gitErrorCode":"IsInSubmodule"}
[2020-02-11 13:10:23.926] [exthost] [error] {"message":"Git error","stdout":"","stderr":"fatal: Pathspec '/home/victor/Documents/Week2MPFT26/Mon/yolomy/bootstrap-practice-projects/Assignment_1/assets/backgrounds' is in submodule 'bootstrap-practice-projects'\n","exitCode":128,"gitErrorCode":"IsInSubmodule"}
[2020-02-11 13:10:23.926] [exthost] [error] {"message":"Git error","stdout":"","stderr":"fatal: Pathspec '/home/victor/Documents/Week2MPFT26/Mon/yolomy/bootstrap-practice-projects/Assignment_1/assets/backgrounds' is in submodule 'bootstrap-practice-projects'\n","exitCode":128,"gitErrorCode":"IsInSubmodule"}
[2020-02-11 13:10:25.951] [exthost] [error] {"message":"Git error","stdout":"","stderr":"fatal: Pathspec '/home/victor/Documents/Week2MPFT26/Mon/yolomy/bootstrap-practice-projects/Assignment_1/assets/backgrounds/css' is in submodule 'bootstrap-practice-projects'\n","exitCode":128,"gitErrorCode":"IsInSubmodule"}
[2020-02-11 13:10:25.951] [exthost] [error] {"message":"Git error","stdout":"","stderr":"fatal: Pathspec '/home/victor/Documents/Week2MPFT26/Mon/yolomy/bootstrap-practice-projects/Assignment_1/assets/backgrounds/css' is in submodule 'bootstrap-practice-projects'\n","exitCode":128,"gitErrorCode":"IsInSubmodule"}
[2020-02-11 13:10:25.951] [exthost] [error] {"message":"Git error","stdout":"","stderr":"fatal: Pathspec '/home/victor/Documents/Week2MPFT26/Mon/yolomy/bootstrap-practice-projects/Assignment_1/assets/backgrounds/css' is in submodule 'bootstrap-practice-projects'\n","exitCode":128,"gitErrorCode":"IsInSubmodule"}
[2020-02-11 13:10:25.951] [exthost] [error] {"message":"Git error","stdout":"","stderr":"fatal: Pathspec '/home/victor/Documents/Week2MPFT26/Mon/yolomy/bootstrap-practice-projects/Assignment_1/assets/backgrounds/css' is in submodule 'bootstrap-practice-projects'\n","exitCode":128,"gitErrorCode":"IsInSubmodule"}
[2020-02-11 13:10:25.951] [exthost] [error] {"message":"Git error","stdout":"","stderr":"fatal: Pathspec '/home/victor/Documents/Week2MPFT26/Mon/yolomy/bootstrap-practice-projects/Assignment_1/assets/backgrounds/css' is in submodule 'bootstrap-practice-projects'\n","exitCode":128,"gitErrorCode":"IsInSubmodule"}
[2020-02-11 13:10:25.951] [exthost] [error] {"message":"Git error","stdout":"","stderr":"fatal: Pathspec '/home/victor/Documents/Week2MPFT26/Mon/yolomy/bootstrap-practice-projects/Assignment_1/assets/backgrounds/css' is in submodule 'bootstrap-practice-projects'\n","exitCode":128,"gitErrorCode":"IsInSubmodule"}
[2020-02-11 13:10:25.951] [exthost] [error] {"message":"Git error","stdout":"","stderr":"fatal: Pathspec '/home/victor/Documents/Week2MPFT26/Mon/yolomy/bootstrap-practice-projects/Assignment_1/assets/backgrounds/css' is in submodule 'bootstrap-practice-projects'\n","exitCode":128,"gitErrorCode":"IsInSubmodule"}
[2020-02-11 13:10:25.951] [exthost] [error] {"message":"Git error","stdout":"","stderr":"fatal: Pathspec '/home/victor/Documents/Week2MPFT26/Mon/yolomy/bootstrap-practice-projects/Assignment_1/assets/backgrounds/css' is in submodule 'bootstrap-practice-projects'\n","exitCode":128,"gitErrorCode":"IsInSubmodule"}
[2020-02-11 13:10:25.951] [exthost] [error] {"message":"Git error","stdout":"","stderr":"fatal: Pathspec '/home/victor/Documents/Week2MPFT26/Mon/yolomy/bootstrap-practice-projects/Assignment_1/assets/backgrounds/css' is in submodule 'bootstrap-practice-projects'\n","exitCode":128,"gitErrorCode":"IsInSubmodule"}
[2020-02-11 13:10:25.951] [exthost] [error] {"message":"Git error","stdout":"","stderr":"fatal: Pathspec '/home/victor/Documents/Week2MPFT26/Mon/yolomy/bootstrap-practice-projects/Assignment_1/assets/backgrounds/css' is in submodule 'bootstrap-practice-projects'\n","exitCode":128,"gitErrorCode":"IsInSubmodule"}
[2020-02-11 13:10:25.951] [exthost] [error] {"message":"Git error","stdout":"","stderr":"fatal: Pathspec '/home/victor/Documents/Week2MPFT26/Mon/yolomy/bootstrap-practice-projects/Assignment_1/assets/backgrounds/css' is in submodule 'bootstrap-practice-projects'\n","exitCode":128,"gitErrorCode":"IsInSubmodule"}
[2020-02-11 13:10:25.951] [exthost] [error] {"message":"Git error","stdout":"","stderr":"fatal: Pathspec '/home/victor/Documents/Week2MPFT26/Mon/yolomy/bootstrap-practice-projects/Assignment_1/assets/backgrounds/css' is in submodule 'bootstrap-practice-projects'\n","exitCode":128,"gitErrorCode":"IsInSubmodule"}
[2020-02-11 13:10:25.951] [exthost] [error] {"message":"Git error","stdout":"","stderr":"fatal: Pathspec '/home/victor/Documents/Week2MPFT26/Mon/yolomy/bootstrap-practice-projects/Assignment_1/assets/backgrounds/css' is in submodule 'bootstrap-practice-projects'\n","exitCode":128,"gitErrorCode":"IsInSubmodule"}
[2020-02-11 13:10:25.951] [exthost] [error] {"message":"Git error","stdout":"","stderr":"fatal: Pathspec '/home/victor/Documents/Week2MPFT26/Mon/yolomy/bootstrap-practice-projects/Assignment_1/assets/backgrounds/css' is in submodule 'bootstrap-practice-projects'\n","exitCode":128,"gitErrorCode":"IsInSubmodule"}
[2020-02-11 13:10:25.951] [exthost] [error] {"message":"Git error","stdout":"","stderr":"fatal: Pathspec '/home/victor/Documents/Week2MPFT26/Mon/yolomy/bootstrap-practice-projects/Assignment_1/assets/backgrounds/css' is in submodule 'bootstrap-practice-projects'\n","exitCode":128,"gitErrorCode":"IsInSubmodule"}
[2020-02-11 13:10:25.951] [exthost] [error] {"message":"Git error","stdout":"","stderr":"fatal: Pathspec '/home/victor/Documents/Week2MPFT26/Mon/yolomy/bootstrap-practice-projects/Assignment_1/assets/backgrounds/css' is in submodule 'bootstrap-practice-projects'\n","exitCode":128,"gitErrorCode":"IsInSubmodule"}
[2020-02-11 13:10:25.951] [exthost] [error] {"message":"Git error","stdout":"","stderr":"fatal: Pathspec '/home/victor/Documents/Week2MPFT26/Mon/yolomy/bootstrap-practice-projects/Assignment_1/assets/backgrounds/css' is in submodule 'bootstrap-practice-projects'\n","exitCode":128,"gitErrorCode":"IsInSubmodule"}
[2020-02-11 13:10:25.951] [exthost] [error] {"message":"Git error","stdout":"","stderr":"fatal: Pathspec '/home/victor/Documents/Week2MPFT26/Mon/yolomy/bootstrap-practice-projects/Assignment_1/assets/backgrounds/css' is in submodule 'bootstrap-practice-projects'\n","exitCode":128,"gitErrorCode":"IsInSubmodule"}
[2020-02-11 13:10:25.951] [exthost] [error] {"message":"Git error","stdout":"","stderr":"fatal: Pathspec '/home/victor/Documents/Week2MPFT26/Mon/yolomy/bootstrap-practice-projects/Assignment_1/assets/backgrounds/css' is in submodule 'bootstrap-practice-projects'\n","exitCode":128,"gitErrorCode":"IsInSubmodule"}
[2020-02-11 13:10:25.951] [exthost] [error] {"message":"Git error","stdout":"","stderr":"fatal: Pathspec '/home/victor/Documents/Week2MPFT26/Mon/yolomy/bootstrap-practice-projects/Assignment_1/assets/backgrounds/css' is in submodule 'bootstrap-practice-projects'\n","exitCode":128,"gitErrorCode":"IsInSubmodule"}
[2020-02-11 13:10:25.951] [exthost] [error] {"message":"Git error","stdout":"","stderr":"fatal: Pathspec '/home/victor/Documents/Week2MPFT26/Mon/yolomy/bootstrap-practice-projects/Assignment_1/assets/backgrounds/css' is in submodule 'bootstrap-practice-projects'\n","exitCode":128,"gitErrorCode":"IsInSubmodule"}
[2020-02-11 13:10:25.951] [exthost] [error] {"message":"Git error","stdout":"","stderr":"fatal: Pathspec '/home/victor/Documents/Week2MPFT26/Mon/yolomy/bootstrap-practice-projects/Assignment_1/assets/backgrounds/css' is in submodule 'bootstrap-practice-projects'\n","exitCode":128,"gitErrorCode":"IsInSubmodule"}
[2020-02-11 13:10:25.951] [exthost] [error] {"message":"Git error","stdout":"","stderr":"fatal: Pathspec '/home/victor/Documents/Week2MPFT26/Mon/yolomy/bootstrap-practice-projects/Assignment_1/assets/backgrounds/css' is in submodule 'bootstrap-practice-projects'\n","exitCode":128,"gitErrorCode":"IsInSubmodule"}
[2020-02-11 13:10:30.704] [exthost] [info] ExtensionService#_doActivateExtension vscode.html-language-features {"startup":false,"extensionId":{"value":"vscode.html-language-features","_lower":"vscode.html-language-features"},"activationEvent":"onLanguage:html"}
[2020-02-11 13:10:30.704] [exthost] [info] ExtensionService#loadCommonJSModule file:///usr/share/code/resources/app/extensions/html-language-features/client/dist/htmlMain
[2020-02-11 13:14:15.754] [exthost] [info] ExtensionService#_doActivateExtension vscode.css-language-features {"startup":false,"extensionId":{"value":"vscode.css-language-features","_lower":"vscode.css-language-features"},"activationEvent":"onLanguage:css"}
[2020-02-11 13:14:15.754] [exthost] [info] ExtensionService#loadCommonJSModule file:///usr/share/code/resources/app/extensions/css-language-features/client/dist/cssMain
[2020-02-11 13:14:31.282] [exthost] [info] ExtensionService#_doActivateExtension ms-vscode.node-debug2 {"startup":false,"extensionId":{"value":"ms-vscode.node-debug","_lower":"ms-vscode.node-debug"},"activationEvent":"onDebugInitialConfigurations"}
[2020-02-11 13:14:31.282] [exthost] [info] ExtensionService#loadCommonJSModule file:///usr/share/code/resources/app/extensions/ms-vscode.node-debug2/out/src/extension
[2020-02-11 13:14:31.331] [exthost] [info] ExtensionService#_doActivateExtension ms-vscode.node-debug {"startup":false,"extensionId":{"value":"ms-vscode.node-debug","_lower":"ms-vscode.node-debug"},"activationEvent":"onDebugInitialConfigurations"}
[2020-02-11 13:14:31.331] [exthost] [info] ExtensionService#loadCommonJSModule file:///usr/share/code/resources/app/extensions/ms-vscode.node-debug/dist/extension.js
[2020-02-11 13:14:33.328] [exthost] [info] ExtensionService#_doActivateExtension vscode.debug-server-ready {"startup":false,"extensionId":{"value":"vscode.debug-server-ready","_lower":"vscode.debug-server-ready"},"activationEvent":"onDebugResolve"}
[2020-02-11 13:14:33.328] [exthost] [info] ExtensionService#loadCommonJSModule file:///usr/share/code/resources/app/extensions/debug-server-ready/dist/extension
[2020-02-11 13:17:13.045] [exthost] [error] {"message":"Git error","stdout":"","stderr":"fatal: Pathspec '/home/victor/Documents/Week2MPFT26/Mon/yolomy/bootstrap-practice-projects/Assignment_1/assets/backgrounds/css/bootstrap-grid.css' is in submodule 'bootstrap-practice-projects'\n","exitCode":128,"gitErrorCode":"IsInSubmodule"}
[2020-02-11 13:17:13.045] [exthost] [error] {"message":"Git error","stdout":"","stderr":"fatal: Pathspec '/home/victor/Documents/Week2MPFT26/Mon/yolomy/bootstrap-practice-projects/Assignment_1/assets/backgrounds/css/bootstrap-grid.css' is in submodule 'bootstrap-practice-projects'\n","exitCode":128,"gitErrorCode":"IsInSubmodule"}
[2020-02-11 13:17:13.045] [exthost] [error] {"message":"Git error","stdout":"","stderr":"fatal: Pathspec '/home/victor/Documents/Week2MPFT26/Mon/yolomy/bootstrap-practice-projects/Assignment_1/assets/backgrounds/css/bootstrap-grid.css' is in submodule 'bootstrap-practice-projects'\n","exitCode":128,"gitErrorCode":"IsInSubmodule"}
[2020-02-11 13:17:13.045] [exthost] [error] {"message":"Git error","stdout":"","stderr":"fatal: Pathspec '/home/victor/Documents/Week2MPFT26/Mon/yolomy/bootstrap-practice-projects/Assignment_1/assets/backgrounds/css/bootstrap-grid.css' is in submodule 'bootstrap-practice-projects'\n","exitCode":128,"gitErrorCode":"IsInSubmodule"}
[2020-02-11 13:17:13.045] [exthost] [error] {"message":"Git error","stdout":"","stderr":"fatal: Pathspec '/home/victor/Documents/Week2MPFT26/Mon/yolomy/bootstrap-practice-projects/Assignment_1/assets/backgrounds/css/bootstrap-grid.css' is in submodule 'bootstrap-practice-projects'\n","exitCode":128,"gitErrorCode":"IsInSubmodule"}
[2020-02-11 13:17:13.045] [exthost] [error] {"message":"Git error","stdout":"","stderr":"fatal: Pathspec '/home/victor/Documents/Week2MPFT26/Mon/yolomy/bootstrap-practice-projects/Assignment_1/assets/backgrounds/css/bootstrap-grid.css' is in submodule 'bootstrap-practice-projects'\n","exitCode":128,"gitErrorCode":"IsInSubmodule"}
[2020-02-11 13:17:13.045] [exthost] [error] {"message":"Git error","stdout":"","stderr":"fatal: Pathspec '/home/victor/Documents/Week2MPFT26/Mon/yolomy/bootstrap-practice-projects/Assignment_1/assets/backgrounds/css/bootstrap-grid.css' is in submodule 'bootstrap-practice-projects'\n","exitCode":128,"gitErrorCode":"IsInSubmodule"}
[2020-02-11 13:17:13.045] [exthost] [error] {"message":"Git error","stdout":"","stderr":"fatal: Pathspec '/home/victor/Documents/Week2MPFT26/Mon/yolomy/bootstrap-practice-projects/Assignment_1/assets/backgrounds/css/bootstrap-grid.css' is in submodule 'bootstrap-practice-projects'\n","exitCode":128,"gitErrorCode":"IsInSubmodule"}
[2020-02-11 13:17:13.045] [exthost] [error] {"message":"Git error","stdout":"","stderr":"fatal: Pathspec '/home/victor/Documents/Week2MPFT26/Mon/yolomy/bootstrap-practice-projects/Assignment_1/assets/backgrounds/css/bootstrap-grid.css' is in submodule 'bootstrap-practice-projects'\n","exitCode":128,"gitErrorCode":"IsInSubmodule"}
[2020-02-11 13:17:13.045] [exthost] [error] {"message":"Git error","stdout":"","stderr":"fatal: Pathspec '/home/victor/Documents/Week2MPFT26/Mon/yolomy/bootstrap-practice-projects/Assignment_1/assets/backgrounds/css/bootstrap-grid.css' is in submodule 'bootstrap-practice-projects'\n","exitCode":128,"gitErrorCode":"IsInSubmodule"}
[2020-02-11 13:17:13.045] [exthost] [error] {"message":"Git error","stdout":"","stderr":"fatal: Pathspec '/home/victor/Documents/Week2MPFT26/Mon/yolomy/bootstrap-practice-projects/Assignment_1/assets/backgrounds/css/bootstrap-grid.css' is in submodule 'bootstrap-practice-projects'\n","exitCode":128,"gitErrorCode":"IsInSubmodule"}
[2020-02-11 13:17:13.045] [exthost] [error] {"message":"Git error","stdout":"","stderr":"fatal: Pathspec '/home/victor/Documents/Week2MPFT26/Mon/yolomy/bootstrap-practice-projects/Assignment_1/assets/backgrounds/css/bootstrap-grid.css' is in submodule 'bootstrap-practice-projects'\n","exitCode":128,"gitErrorCode":"IsInSubmodule"}
[2020-02-11 15:12:51.619] [exthost] [error] {"message":"Git error","stdout":"","stderr":"fatal: Pathspec '/home/victor/Documents/Week2MPFT26/Mon/yolomy/bootstrap-practice-projects/Assignment_1/assets/backgrounds/tick.png' is in submodule 'bootstrap-practice-projects'\n","exitCode":128,"gitErrorCode":"IsInSubmodule"}
